Microsoft (R) Macro Assembler Version 6.11		    06/10/19 07:32:06
psim4.asm						     Page 1 - 1


				.model medium
				.stack 32
 0000				.data
 0000 0000				a dw 0
 0002 0005				b dw 5
 0004 0000				cc dw 0
 0006 0003				d dw 3
 0008 0000				e dw ?
 000A 0000				f dw ?
 000C 0000				g dw ?
 000E 0000				h dw ?
 0010 0000				i dw ?
 0012 0000				j dw ?

 0000				.code first
 0000					main proc far
						;assume cs:cseg1,ds:dseg,ss:sseg
 0000  B8 ---- R				mov ax,@data
 0003  8E D8					mov ds,ax
 0005  A1 0000 R				mov ax,a
 0008  8B 1E 0002 R				mov bx,b
 000C  8B 0E 0004 R				mov cx,cc
 0010  8B 16 0006 R				mov dx,d
 0014  9A ---- 0000 R				call multiplication
 0019  B8 4C00					mov ax,4c00h
 001C  CD 21					int 21h	
 001E					main endp

 0000				.code second
 0000					multiplication proc far
						;assume cs:cseg2
 0000  8B FA					mov di,dx
 0002  8B F0					mov si,ax
 0004  8B C3					mov ax,bx
 0006  F7 E7					mul di
 0008  A3 000C R				mov g,ax
 000B  89 16 0000 R				mov a , dx
 000F  8B C6					mov ax,si
 0011  F7 E7					mul di
 0013  A3 0002 R				mov b, ax
 0016  89 16 0006 R				mov d,dx
 001A  8B C3					mov ax,bx
 001C  F7 E1					mul cx
 001E  A3 0004 R				mov cc,ax
 0021  89 16 0004 R				mov cc,dx
 0025  8B C6					mov ax,si
 0027  F7 E1					mul cx
 0029  89 16 0012 R				mov j,dx
 002D  A3 000A R				mov f,ax
 0030  33 F6					xor si,si
 0032  33 FF					xor di,di
 0034  A1 0000 R				mov ax,a
 0037  03 06 0002 R				add ax,b
 003B  73 03					jnc lbl
 003D  83 C7 01					add di,1
 0040  03 06 0004 R			lbl:add ax,cc
 0044  73 03					jnc label2
 0046  83 C7 01					add di,1
 0049  A3 000E R			label2: mov h,ax
 004C  8B 1E 0006 R				mov bx,d
 0050  03 1E 0004 R				add bx,cc
 0054  73 03					jnc  label3
 0056  83 C6 01					add si,1
 0059  03 1E 000A R			label3:add bx,f
 005D  73 03					jnc label4
 005F  83 C6 01					add si,1
 0062  03 DF				label4: add bx,di
 0064  73 03					jnc label5
 0066  83 C6 01					add si,1
 0069  89 1E 0010 R			label5: mov i,bx
 006D  01 36 0012 R				add j,si
 0071  A1 0012 R				mov ax,j
 0074  8B 1E 0010 R				mov bx,i
 0078  8B 0E 000E R				mov cx,h
 007C  8B 16 000C R				mov dx,g
 0080  CB					ret
 0081					multiplication endp
				end main
Microsoft (R) Macro Assembler Version 6.11		    06/10/19 07:32:06
psim4.asm						     Symbols 2 - 1




Segments and Groups:

                N a m e                 Size     Length   Align   Combine Class

DGROUP . . . . . . . . . . . . .	GROUP
_DATA  . . . . . . . . . . . . .	16 Bit	 0014	  Word	  Public  'DATA'	
STACK  . . . . . . . . . . . . .	16 Bit	 0020	  Para	  Stack	  'STACK'	 
PSIM4_TEXT . . . . . . . . . . .	16 Bit	 0000	  Word	  Public  'CODE'	
first  . . . . . . . . . . . . .	16 Bit	 001E	  Word	  Public  'CODE'	
second . . . . . . . . . . . . .	16 Bit	 0081	  Word	  Public  'CODE'	


Procedures,  parameters and locals:

                N a m e                 Type     Value    Attr

main . . . . . . . . . . . . . .	P Far	 0000	  first	Length= 001E Private
multiplication . . . . . . . . .	P Far	 0000	  second	Length= 0081 Private


Symbols:

                N a m e                 Type     Value    Attr

@CodeSize  . . . . . . . . . . .	Number	 0001h	 
@DataSize  . . . . . . . . . . .	Number	 0000h	 
@Interface . . . . . . . . . . .	Number	 0000h	 
@Model . . . . . . . . . . . . .	Number	 0004h	 
@code  . . . . . . . . . . . . .	Text   	 second
@data  . . . . . . . . . . . . .	Text   	 DGROUP
@fardata?  . . . . . . . . . . .	Text   	 FAR_BSS
@fardata . . . . . . . . . . . .	Text   	 FAR_DATA
@stack . . . . . . . . . . . . .	Text   	 DGROUP
a  . . . . . . . . . . . . . . .	Word	 0000	  _DATA	
b  . . . . . . . . . . . . . . .	Word	 0002	  _DATA	
cc . . . . . . . . . . . . . . .	Word	 0004	  _DATA	
d  . . . . . . . . . . . . . . .	Word	 0006	  _DATA	
e  . . . . . . . . . . . . . . .	Word	 0008	  _DATA	
f  . . . . . . . . . . . . . . .	Word	 000A	  _DATA	
g  . . . . . . . . . . . . . . .	Word	 000C	  _DATA	
h  . . . . . . . . . . . . . . .	Word	 000E	  _DATA	
i  . . . . . . . . . . . . . . .	Word	 0010	  _DATA	
j  . . . . . . . . . . . . . . .	Word	 0012	  _DATA	
label2 . . . . . . . . . . . . .	L Near	 0049	  second	
label3 . . . . . . . . . . . . .	L Near	 0059	  second	
label4 . . . . . . . . . . . . .	L Near	 0062	  second	
label5 . . . . . . . . . . . . .	L Near	 0069	  second	
lbl  . . . . . . . . . . . . . .	L Near	 0040	  second	

	   0 Warnings
	   0 Errors
