ISim log file
Running: D:\term 5\Computer Architecture Laboratory\week 13- Pipeline CPU Project\Pipeline_CPU_Phase1\TestMain_isim_beh.exe -intstyle ise -gui -tclbatch isim.cmd -wdb D:/term 5/Computer Architecture Laboratory/week 13- Pipeline CPU Project/Pipeline_CPU_Phase1/TestMain_isim_beh.wdb 
ISim P.20131013 (signature 0x7708f090)
This is a Full version of ISim.
Time resolution is 1 ps
# onerror resume
# wave add /
# run 1000 ns
Simulator is doing circuit initialization process.
Finished circuit initialization process.
pccccccccccccccccccccccccccccc                    x
MemWritex
pcWriteeeeeeeeeeeeeeeeeeeeeeeeeeeeee  x
pccccccccccccccccccccccccccccc                    0
MemWritex
result         x
pcWriteeeeeeeeeeeeeeeeeeeeeeeeeeeeee  x
pccccccccccccccccccccccccccccc                    4
MemWritex
result         0
pcWriteeeeeeeeeeeeeeeeeeeeeeeeeeeeee  1
pccccccccccccccccccccccccccccc                    8
MemWritex
result4294936608
pcWriteeeeeeeeeeeeeeeeeeeeeeeeeeeeee  0
pccccccccccccccccccccccccccccc                    8
MemWrite0
pcWriteeeeeeeeeeeeeeeeeeeeeeeeeeeeee  1
pccccccccccccccccccccccccccccc                   12
MemWrite0
result         4
pcWriteeeeeeeeeeeeeeeeeeeeeeeeeeeeee  0
pccccccccccccccccccccccccccccc                   12
MemWrite0
pcWriteeeeeeeeeeeeeeeeeeeeeeeeeeeeee  0
pccccccccccccccccccccccccccccc                   16
MemWrite0
result4294936608
pcWriteeeeeeeeeeeeeeeeeeeeeeeeeeeeee  0
pccccccccccccccccccccccccccccc                   20
MemWrite0
result         8
pcWriteeeeeeeeeeeeeeeeeeeeeeeeeeeeee  1
pccccccccccccccccccccccccccccc                   24
MemWrite0
result4294936608
pcWriteeeeeeeeeeeeeeeeeeeeeeeeeeeeee  0
pccccccccccccccccccccccccccccc                   24
MemWrite0
pcWriteeeeeeeeeeeeeeeeeeeeeeeeeeeeee  1
pccccccccccccccccccccccccccccc                   28
MemWrite0
result        12
pcWriteeeeeeeeeeeeeeeeeeeeeeeeeeeeee  0
pccccccccccccccccccccccccccccc                   28
MemWrite0
pcWriteeeeeeeeeeeeeeeeeeeeeeeeeeeeee  0
pccccccccccccccccccccccccccccc                   32
MemWrite0
result4294936608
pcWriteeeeeeeeeeeeeeeeeeeeeeeeeeeeee  0
pccccccccccccccccccccccccccccc                   36
MemWrite0
result        16
pcWriteeeeeeeeeeeeeeeeeeeeeeeeeeeeee  1
pccccccccccccccccccccccccccccc                   40
MemWrite0
result4294936608
pcWriteeeeeeeeeeeeeeeeeeeeeeeeeeeeee  0
pccccccccccccccccccccccccccccc                   40
MemWrite0
pcWriteeeeeeeeeeeeeeeeeeeeeeeeeeeeee  1
pccccccccccccccccccccccccccccc                   44
MemWrite0
result        20
pcWriteeeeeeeeeeeeeeeeeeeeeeeeeeeeee  0
pccccccccccccccccccccccccccccc                   44
MemWrite0
pcWriteeeeeeeeeeeeeeeeeeeeeeeeeeeeee  0
pccccccccccccccccccccccccccccc                   48
MemWrite0
result4294936608
pcWriteeeeeeeeeeeeeeeeeeeeeeeeeeeeee  0
pccccccccccccccccccccccccccccc                   52
MemWrite0
result        24
pcWriteeeeeeeeeeeeeeeeeeeeeeeeeeeeee  1
pccccccccccccccccccccccccccccc                   56
MemWrite0
result4294936608
pcWriteeeeeeeeeeeeeeeeeeeeeeeeeeeeee  0
pccccccccccccccccccccccccccccc                   56
MemWrite0
pcWriteeeeeeeeeeeeeeeeeeeeeeeeeeeeee  1
pccccccccccccccccccccccccccccc                   60
MemWrite0
result        28
pcWriteeeeeeeeeeeeeeeeeeeeeeeeeeeeee  0
pccccccccccccccccccccccccccccc                   60
MemWrite0
pcWriteeeeeeeeeeeeeeeeeeeeeeeeeeeeee  0
pccccccccccccccccccccccccccccc                   64
MemWrite0
result4294936608
